<?xml version="1.0" encoding="UTF-8"?>
<testsuite xmlns:xsi="http://www.w3.org/2001/XMLSchema-instance" xsi:noNamespaceSchemaLocation="https://maven.apache.org/surefire/maven-surefire-plugin/xsd/surefire-test-report-3.0.xsd" version="3.0" name="cat.inspla.ra3.UserValidatorTest" time="0.012" tests="5" errors="0" skipped="0" failures="0">
  <properties>
[...]
</properties>
  <testcase name="validateRequiredTextAmbCadenaBuidaLlançaExcepcio" classname="cat.inspla.ra3.UserValidatorTest" time="0.002"/>
  <testcase name="usernameCorrecteEsValid" classname="cat.inspla.ra3.UserValidatorTest" time="0.002"/>
  <testcase name="usernameMassaCurtNoEsValid" classname="cat.inspla.ra3.UserValidatorTest" time="0.002"/>
  <testcase name="isAdultFuncionaCorrectament" classname="cat.inspla.ra3.UserValidatorTest" time="0.001"/>
  <testcase name="usernameNullNoEsValid" classname="cat.inspla.ra3.UserValidatorTest" time="0.001"/>
</testsuite>